<?xml version="1.0" encoding="UTF-8"?>
<!-- Generated by org.testng.reporters.JUnitReportReporter -->
<testsuite skipped="0" hostname="siva" name="com.accenture.org.ProgramTest" tests="2" failures="0" timestamp="2020-05-12T11:35:47 IST" time="17.411" errors="0">
  <testcase name="testlogin" time="12.383" classname="com.accenture.org.ProgramTest"/>
  <system-out/>
  <testcase name="testitemselection" time="5.028" classname="com.accenture.org.ProgramTest"/>
  <system-out/>
</testsuite> <!-- com.accenture.org.ProgramTest -->
